<?xml version="1.0" encoding="UTF-8"?>
<!-- Generated by org.testng.reporters.JUnitReportReporter -->
<testsuite hostname="HRWINLI6634" failures="0" tests="1" name="CucumberOptions.TestRunner" time="0.560" errors="0" timestamp="17 Mar 2022 16:21:51 GMT">
  <testcase classname="CucumberOptions.TestRunner" name="feature" time="0.560"/>
</testsuite> <!-- CucumberOptions.TestRunner -->
